<?xml version="1.0" encoding="UTF-8"?>
<testng-results ignored="0" total="2" passed="2" failed="0" skipped="0">
  <reporter-output>
  </reporter-output>
  <suite started-at="2020-04-03T20:36:20 CEST" name="Default suite" finished-at="2020-04-03T20:36:45 CEST" duration-ms="24782">
    <groups>
    </groups>
    <test started-at="2020-04-03T20:36:20 CEST" name="Default test" finished-at="2020-04-03T20:36:45 CEST" duration-ms="24782">
      <class name="tests.RegistrationTest">
        <test-method is-config="true" signature="beforeClass()[pri:0, instance:tests.RegistrationTest@70be0a2b]" started-at="2020-04-03T20:36:20 CEST" name="beforeClass" finished-at="2020-04-03T20:36:28 CEST" duration-ms="8050" status="PASS">
          <reporter-output>
          </reporter-output>
        </test-method> <!-- beforeClass -->
        <test-method signature="reg30Test()[pri:3, instance:tests.RegistrationTest@70be0a2b]" started-at="2020-04-03T20:36:28 CEST" name="reg30Test" finished-at="2020-04-03T20:36:40 CEST" duration-ms="12499" status="PASS">
          <reporter-output>
          </reporter-output>
        </test-method> <!-- reg30Test -->
        <test-method signature="test30UsersLogin()[pri:4, instance:tests.RegistrationTest@70be0a2b]" started-at="2020-04-03T20:36:40 CEST" name="test30UsersLogin" finished-at="2020-04-03T20:36:45 CEST" duration-ms="4160" status="PASS">
          <reporter-output>
          </reporter-output>
        </test-method> <!-- test30UsersLogin -->
      </class> <!-- tests.RegistrationTest -->
    </test> <!-- Default test -->
  </suite> <!-- Default suite -->
</testng-results>
