<?xml version="1.0" encoding="UTF-8"?>
<!-- Generated by org.testng.reporters.JUnitXMLReporter -->
<testsuite ignored="0" hostname="DESKTOP-IK4EVLV" failures="0" tests="10" name="Test" time="107.393" errors="0" timestamp="2020-04-03T20:29:41 CEST">
  <testcase classname="tests.HomeTest" name="openHomePage" time="5.947"/>
  <testcase classname="tests.ShopDressesTest" name="test1" time="7.149"/>
  <testcase classname="tests.ShopDressesTest" name="test2" time="2.576"/>
  <testcase classname="tests.ShopDressesTest" name="test3" time="0.004"/>
  <testcase classname="tests.ShopCartTest" name="order" time="10.459"/>
  <testcase classname="tests.ShopCartTest" name="proceed" time="5.967"/>
  <testcase classname="tests.RegistrationTest" name="testLogin" time="13.046"/>
  <testcase classname="tests.RegistrationTest" name="testLoginCheck" time="4.267"/>
  <testcase classname="tests.RegistrationTest" name="reg30Test" time="16.399"/>
  <testcase classname="tests.RegistrationTest" name="test30UsersLogin" time="10.091"/>
</testsuite> <!-- Test -->
